# JRE version: Java(TM) SE Runtime Environment (8.0_131-b11) (build 1.8.0_131-b11)
# Java VM: Java HotSpot(TM) 64-Bit Server VM (25.131-b11 mixed mode windows-amd64 compressed oops)
Heap:
 PSYoungGen      total 243200K, used 5739K [0x0000000780d00000, 0x0000000791700000, 0x00000007c0000000)
  eden space 222720K, 0% used [0x0000000780d00000,0x0000000780d00000,0x000000078e680000)
  from space 20480K, 28% used [0x000000078e680000,0x000000078ec1ae48,0x000000078fa80000)
  to   space 19968K, 0% used [0x0000000790380000,0x0000000790380000,0x0000000791700000)
 ParOldGen       total 194048K, used 24505K [0x0000000702600000, 0x000000070e380000, 0x0000000780d00000)
  object space 194048K, 12% used [0x0000000702600000,0x0000000703dee418,0x000000070e380000)
 Metaspace       used 57694K, capacity 60796K, committed 61056K, reserved 1101824K
  class space    used 8015K, capacity 8552K, committed 8576K, reserved 1048576K
GC Heap History (10 events):
Event: 162.669 GC heap after
Heap after GC invocations=11 (full 2):
 PSYoungGen      total 208896K, used 12705K [0x0000000780d00000, 0x0000000790e00000, 0x00000007c0000000)
  eden space 188928K, 0% used [0x0000000780d00000,0x0000000780d00000,0x000000078c580000)
  from space 19968K, 63% used [0x000000078c580000,0x000000078d1e84b8,0x000000078d900000)
  to   space 19968K, 0% used [0x000000078fa80000,0x000000078fa80000,0x0000000790e00000)
 ParOldGen       total 143872K, used 25229K [0x0000000702600000, 0x000000070b280000, 0x0000000780d00000)
  object space 143872K, 17% used [0x0000000702600000,0x0000000703ea35e8,0x000000070b280000)
 Metaspace       used 56366K, capacity 59130K, committed 59160K, reserved 1099776K
  class space    used 7835K, capacity 8314K, committed 8320K, reserved 1048576K
}
Event: 162.669 GC heap before
{Heap before GC invocations=12 (full 3):
 PSYoungGen      total 208896K, used 12705K [0x0000000780d00000, 0x0000000790e00000, 0x00000007c0000000)
  eden space 188928K, 0% used [0x0000000780d00000,0x0000000780d00000,0x000000078c580000)
  from space 19968K, 63% used [0x000000078c580000,0x000000078d1e84b8,0x000000078d900000)
  to   space 19968K, 0% used [0x000000078fa80000,0x000000078fa80000,0x0000000790e00000)
 ParOldGen       total 143872K, used 25229K [0x0000000702600000, 0x000000070b280000, 0x0000000780d00000)
  object space 143872K, 17% used [0x0000000702600000,0x0000000703ea35e8,0x000000070b280000)
 Metaspace       used 56366K, capacity 59130K, committed 59160K, reserved 1099776K
  class space    used 7835K, capacity 8314K, committed 8320K, reserved 1048576K
Event: 162.878 GC heap after
Heap after GC invocations=12 (full 3):
 PSYoungGen      total 208896K, used 0K [0x0000000780d00000, 0x0000000790e00000, 0x00000007c0000000)
  eden space 188928K, 0% used [0x0000000780d00000,0x0000000780d00000,0x000000078c580000)
  from space 19968K, 0% used [0x000000078c580000,0x000000078c580000,0x000000078d900000)
  to   space 19968K, 0% used [0x000000078fa80000,0x000000078fa80000,0x0000000790e00000)
 ParOldGen       total 194048K, used 28380K [0x0000000702600000, 0x000000070e380000, 0x0000000780d00000)
  object space 194048K, 14% used [0x0000000702600000,0x00000007041b7290,0x000000070e380000)
 Metaspace       used 56355K, capacity 59112K, committed 59160K, reserved 1099776K
  class space    used 7833K, capacity 8311K, committed 8320K, reserved 1048576K
}
Event: 231.539 GC heap before
{Heap before GC invocations=13 (full 3):
 PSYoungGen      total 208896K, used 64416K [0x0000000780d00000, 0x0000000790e00000, 0x00000007c0000000)
  eden space 188928K, 34% used [0x0000000780d00000,0x0000000784be8318,0x000000078c580000)
  from space 19968K, 0% used [0x000000078c580000,0x000000078c580000,0x000000078d900000)
  to   space 19968K, 0% used [0x000000078fa80000,0x000000078fa80000,0x0000000790e00000)
 ParOldGen       total 194048K, used 28380K [0x0000000702600000, 0x000000070e380000, 0x0000000780d00000)
  object space 194048K, 14% used [0x0000000702600000,0x00000007041b7290,0x000000070e380000)
 Metaspace       used 57137K, capacity 60076K, committed 60288K, reserved 1101824K
  class space    used 7956K, capacity 8466K, committed 8576K, reserved 1048576K
Event: 231.543 GC heap after
Heap after GC invocations=13 (full 3):
 PSYoungGen      total 242688K, used 1719K [0x0000000780d00000, 0x0000000791800000, 0x00000007c0000000)
  eden space 222720K, 0% used [0x0000000780d00000,0x0000000780d00000,0x000000078e680000)
  from space 19968K, 8% used [0x000000078fa80000,0x000000078fc2dd58,0x0000000790e00000)
  to   space 20480K, 0% used [0x000000078e680000,0x000000078e680000,0x000000078fa80000)
 ParOldGen       total 194048K, used 28388K [0x0000000702600000, 0x000000070e380000, 0x0000000780d00000)
  object space 194048K, 14% used [0x0000000702600000,0x00000007041b9290,0x000000070e380000)
 Metaspace       used 57137K, capacity 60076K, committed 60288K, reserved 1101824K
  class space    used 7956K, capacity 8466K, committed 8576K, reserved 1048576K
}
Event: 231.543 GC heap before
{Heap before GC invocations=14 (full 4):
 PSYoungGen      total 242688K, used 1719K [0x0000000780d00000, 0x0000000791800000, 0x00000007c0000000)
  eden space 222720K, 0% used [0x0000000780d00000,0x0000000780d00000,0x000000078e680000)
  from space 19968K, 8% used [0x000000078fa80000,0x000000078fc2dd58,0x0000000790e00000)
  to   space 20480K, 0% used [0x000000078e680000,0x000000078e680000,0x000000078fa80000)
 ParOldGen       total 194048K, used 28388K [0x0000000702600000, 0x000000070e380000, 0x0000000780d00000)
  object space 194048K, 14% used [0x0000000702600000,0x00000007041b9290,0x000000070e380000)
 Metaspace       used 57137K, capacity 60076K, committed 60288K, reserved 1101824K
  class space    used 7956K, capacity 8466K, committed 8576K, reserved 1048576K
Event: 231.771 GC heap after
Heap after GC invocations=14 (full 4):
 PSYoungGen      total 242688K, used 0K [0x0000000780d00000, 0x0000000791800000, 0x00000007c0000000)
  eden space 222720K, 0% used [0x0000000780d00000,0x0000000780d00000,0x000000078e680000)
  from space 19968K, 0% used [0x000000078fa80000,0x000000078fa80000,0x0000000790e00000)
  to   space 20480K, 0% used [0x000000078e680000,0x000000078e680000,0x000000078fa80000)
 ParOldGen       total 194048K, used 24497K [0x0000000702600000, 0x000000070e380000, 0x0000000780d00000)
  object space 194048K, 12% used [0x0000000702600000,0x0000000703dec418,0x000000070e380000)
 Metaspace       used 57137K, capacity 60076K, committed 60288K, reserved 1101824K
  class space    used 7956K, capacity 8466K, committed 8576K, reserved 1048576K
}
Event: 616.791 GC heap before
{Heap before GC invocations=15 (full 4):
 PSYoungGen      total 242688K, used 210927K [0x0000000780d00000, 0x0000000791800000, 0x00000007c0000000)
  eden space 222720K, 94% used [0x0000000780d00000,0x000000078dafbf48,0x000000078e680000)
  from space 19968K, 0% used [0x000000078fa80000,0x000000078fa80000,0x0000000790e00000)
  to   space 20480K, 0% used [0x000000078e680000,0x000000078e680000,0x000000078fa80000)
 ParOldGen       total 194048K, used 24497K [0x0000000702600000, 0x000000070e380000, 0x0000000780d00000)
  object space 194048K, 12% used [0x0000000702600000,0x0000000703dec418,0x000000070e380000)
 Metaspace       used 57694K, capacity 60796K, committed 61056K, reserved 1101824K
  class space    used 8015K, capacity 8552K, committed 8576K, reserved 1048576K
Event: 616.800 GC heap after
Heap after GC invocations=15 (full 4):
 PSYoungGen      total 243200K, used 5739K [0x0000000780d00000, 0x0000000791700000, 0x00000007c0000000)
  eden space 222720K, 0% used [0x0000000780d00000,0x0000000780d00000,0x000000078e680000)
  from space 20480K, 28% used [0x000000078e680000,0x000000078ec1ae48,0x000000078fa80000)
  to   space 19968K, 0% used [0x0000000790380000,0x0000000790380000,0x0000000791700000)
 ParOldGen       total 194048K, used 24505K [0x0000000702600000, 0x000000070e380000, 0x0000000780d00000)
  object space 194048K, 12% used [0x0000000702600000,0x0000000703dee418,0x000000070e380000)
 Metaspace       used 57694K, capacity 60796K, committed 61056K, reserved 1101824K
  class space    used 8015K, capacity 8552K, committed 8576K, reserved 1048576K
}
Event: 616.800 GC heap before
{Heap before GC invocations=16 (full 5):
 PSYoungGen      total 243200K, used 5739K [0x0000000780d00000, 0x0000000791700000, 0x00000007c0000000)
  eden space 222720K, 0% used [0x0000000780d00000,0x0000000780d00000,0x000000078e680000)
  from space 20480K, 28% used [0x000000078e680000,0x000000078ec1ae48,0x000000078fa80000)
  to   space 19968K, 0% used [0x0000000790380000,0x0000000790380000,0x0000000791700000)
 ParOldGen       total 194048K, used 24505K [0x0000000702600000, 0x000000070e380000, 0x0000000780d00000)
  object space 194048K, 12% used [0x0000000702600000,0x0000000703dee418,0x000000070e380000)
 Metaspace       used 57694K, capacity 60796K, committed 61056K, reserved 1101824K
  class space    used 8015K, capacity 8552K, committed 8576K, reserved 1048576K

